<?xml version="1.0" encoding="UTF-8"?>
<!-- Generated by org.testng.reporters.JUnitReportReporter -->
<testsuite hostname="Aams-MacBook-Pro-2.local" name="com.kargo.test.KeywordTest" tests="9" failures="0" timestamp="18 Aug 2016 05:59:06 GMT" time="67.766" errors="0">
  <testcase name="kewordSearcharray" time="5.502" classname="com.kargo.test.KeywordTest"/>
  <testcase name="kewordSearcharray" time="5.120" classname="com.kargo.test.KeywordTest"/>
  <testcase name="search" time="8.124" classname="com.kargo.test.KeywordTest"/>
  <testcase name="search" time="9.021" classname="com.kargo.test.KeywordTest"/>
  <testcase name="searchforkargo" time="13.268" classname="com.kargo.test.KeywordTest"/>
  <testcase name="kewordSearcharray" time="5.236" classname="com.kargo.test.KeywordTest"/>
  <testcase name="search" time="8.153" classname="com.kargo.test.KeywordTest"/>
  <testcase name="search" time="8.268" classname="com.kargo.test.KeywordTest"/>
  <testcase name="kewordSearcharray" time="5.074" classname="com.kargo.test.KeywordTest"/>
</testsuite> <!-- com.kargo.test.KeywordTest -->
