<?xml version="1.0" encoding="UTF-8"?>
<!-- Generated by org.testng.reporters.JUnitReportReporter -->
<testsuite hostname="Aams-MacBook-Pro-2.local" name="com.kargo.test.KargoTest" tests="1" failures="0" timestamp="18 Aug 2016 03:39:47 GMT" time="14.217" errors="0">
  <testcase name="searchforkargo" time="14.217" classname="com.kargo.test.KargoTest"/>
</testsuite> <!-- com.kargo.test.KargoTest -->
